[[35mpercy[39m] Percy has started!
[[35mpercy[39m] Created build #133: [34mhttps://percy.io/7d091306/simple-percy-java/builds/11275238[39m
[[35mpercy[39m] Running "mvn test -P sample"
[INFO] Scanning for projects...
[WARNING] 
[WARNING] Some problems were encountered while building the effective model for PercyJavaCLI:PercyJavaCLI:jar:1.0-SNAPSHOT
[WARNING] 'build.plugins.plugin.version' for org.apache.maven.plugins:maven-compiler-plugin is missing. @ line 55, column 21
[WARNING] 
[WARNING] It is highly recommended to fix these problems because they threaten the stability of your build.
[WARNING] 
[WARNING] For this reason, future Maven versions might no longer support building such malformed projects.
[WARNING] 
[INFO] 
[INFO] ---------------------< PercyJavaCLI:PercyJavaCLI >----------------------
[INFO] Building PercyJavaCLI 1.0-SNAPSHOT
[INFO] --------------------------------[ jar ]---------------------------------
[INFO] 
[INFO] --- maven-resources-plugin:2.6:resources (default-resources) @ PercyJavaCLI ---
[WARNING] Using platform encoding (UTF-8 actually) to copy filtered resources, i.e. build is platform dependent!
[INFO] Copying 0 resource
[INFO] 
[INFO] --- maven-compiler-plugin:3.1:compile (default-compile) @ PercyJavaCLI ---
[INFO] Nothing to compile - all classes are up to date
[INFO] 
[INFO] --- maven-resources-plugin:2.6:testResources (default-testResources) @ PercyJavaCLI ---
[WARNING] Using platform encoding (UTF-8 actually) to copy filtered resources, i.e. build is platform dependent!
[INFO] skip non existing resourceDirectory /Users/nithyamani/Desktop/MyProjects/PercyJavaCLI/src/test/resources
[INFO] 
[INFO] --- maven-compiler-plugin:3.1:testCompile (default-testCompile) @ PercyJavaCLI ---
[INFO] Nothing to compile - all classes are up to date
[INFO] 
[INFO] --- maven-surefire-plugin:3.0.0-M5:test (default-test) @ PercyJavaCLI ---
[INFO] 
[INFO] -------------------------------------------------------
[INFO]  T E S T S
[INFO] -------------------------------------------------------
[INFO] Running TestSuite
[[35mpercy[39m] Snapshot taken: Main page
[[35mpercy[39m] Snapshot taken: charts
[INFO] Tests run: 1, Failures: 0, Errors: 0, Skipped: 0, Time elapsed: 16.735 s - in TestSuite
[INFO] 
[INFO] Results:
[INFO] 
[INFO] Tests run: 1, Failures: 0, Errors: 0, Skipped: 0
[INFO] 
[INFO] ------------------------------------------------------------------------
[INFO] BUILD SUCCESS
[INFO] ------------------------------------------------------------------------
[INFO] Total time:  19.507 s
[INFO] Finished at: 2021-07-01T13:21:55+05:30
[INFO] ------------------------------------------------------------------------
[[35mpercy[39m] Stopping percy...
[[35mpercy[39m] Finalized build #133: [34mhttps://percy.io/7d091306/simple-percy-java/builds/11275238[39m
[[35mpercy[39m] Done!
